# JRE version: Java(TM) SE Runtime Environment (8.0_102-b14) (build 1.8.0_102-b14)
# Java VM: Java HotSpot(TM) 64-Bit Server VM (25.102-b14 mixed mode windows-amd64 compressed oops)
Heap:
 PSYoungGen      total 150528K, used 52703K [0x00000000eab00000, 0x00000000fb180000, 0x0000000100000000)
  eden space 127488K, 23% used [0x00000000eab00000,0x00000000ec7fdd08,0x00000000f2780000)
  from space 23040K, 99% used [0x00000000f2780000,0x00000000f3dfa158,0x00000000f3e00000)
  to   space 32256K, 0% used [0x00000000f9200000,0x00000000f9200000,0x00000000fb180000)
 ParOldGen       total 87552K, used 49566K [0x00000000c0000000, 0x00000000c5580000, 0x00000000eab00000)
  object space 87552K, 56% used [0x00000000c0000000,0x00000000c3067948,0x00000000c5580000)
 Metaspace       used 6776K, capacity 7448K, committed 7680K, reserved 1056768K
  class space    used 637K, capacity 656K, committed 768K, reserved 1048576K
GC Heap History (10 events):
Event: 4.885 GC heap before
{Heap before GC invocations=5 (full 0):
 PSYoungGen      total 38400K, used 38391K [0x00000000eab00000, 0x00000000ef600000, 0x0000000100000000)
  eden space 33280K, 100% used [0x00000000eab00000,0x00000000ecb80000,0x00000000ecb80000)
  from space 5120K, 99% used [0x00000000ed080000,0x00000000ed57dc18,0x00000000ed580000)
  to   space 5120K, 0% used [0x00000000ecb80000,0x00000000ecb80000,0x00000000ed080000)
 ParOldGen       total 87552K, used 15990K [0x00000000c0000000, 0x00000000c5580000, 0x00000000eab00000)
  object space 87552K, 18% used [0x00000000c0000000,0x00000000c0f9dba8,0x00000000c5580000)
 Metaspace       used 6246K, capacity 7090K, committed 7296K, reserved 1056768K
  class space    used 600K, capacity 618K, committed 640K, reserved 1048576K
Event: 4.917 GC heap after
Heap after GC invocations=5 (full 0):
 PSYoungGen      total 38400K, used 5092K [0x00000000eab00000, 0x00000000f0500000, 0x0000000100000000)
  eden space 33280K, 0% used [0x00000000eab00000,0x00000000eab00000,0x00000000ecb80000)
  from space 5120K, 99% used [0x00000000ecb80000,0x00000000ed079120,0x00000000ed080000)
  to   space 12800K, 0% used [0x00000000ef880000,0x00000000ef880000,0x00000000f0500000)
 ParOldGen       total 87552K, used 21166K [0x00000000c0000000, 0x00000000c5580000, 0x00000000eab00000)
  object space 87552K, 24% used [0x00000000c0000000,0x00000000c14abb40,0x00000000c5580000)
 Metaspace       used 6246K, capacity 7090K, committed 7296K, reserved 1056768K
  class space    used 600K, capacity 618K, committed 640K, reserved 1048576K
}
Event: 5.100 GC heap before
{Heap before GC invocations=6 (full 0):
 PSYoungGen      total 38400K, used 38372K [0x00000000eab00000, 0x00000000f0500000, 0x0000000100000000)
  eden space 33280K, 100% used [0x00000000eab00000,0x00000000ecb80000,0x00000000ecb80000)
  from space 5120K, 99% used [0x00000000ecb80000,0x00000000ed079120,0x00000000ed080000)
  to   space 12800K, 0% used [0x00000000ef880000,0x00000000ef880000,0x00000000f0500000)
 ParOldGen       total 87552K, used 21166K [0x00000000c0000000, 0x00000000c5580000, 0x00000000eab00000)
  object space 87552K, 24% used [0x00000000c0000000,0x00000000c14abb40,0x00000000c5580000)
 Metaspace       used 6357K, capacity 7128K, committed 7424K, reserved 1056768K
  class space    used 621K, capacity 656K, committed 768K, reserved 1048576K
Event: 5.137 GC heap after
Heap after GC invocations=6 (full 0):
 PSYoungGen      total 78848K, used 10826K [0x00000000eab00000, 0x00000000f0600000, 0x0000000100000000)
  eden space 66048K, 0% used [0x00000000eab00000,0x00000000eab00000,0x00000000eeb80000)
  from space 12800K, 84% used [0x00000000ef880000,0x00000000f0312878,0x00000000f0500000)
  to   space 13312K, 0% used [0x00000000eeb80000,0x00000000eeb80000,0x00000000ef880000)
 ParOldGen       total 87552K, used 21174K [0x00000000c0000000, 0x00000000c5580000, 0x00000000eab00000)
  object space 87552K, 24% used [0x00000000c0000000,0x00000000c14adb40,0x00000000c5580000)
 Metaspace       used 6357K, capacity 7128K, committed 7424K, reserved 1056768K
  class space    used 621K, capacity 656K, committed 768K, reserved 1048576K
}
Event: 5.498 GC heap before
{Heap before GC invocations=7 (full 0):
 PSYoungGen      total 78848K, used 76874K [0x00000000eab00000, 0x00000000f0600000, 0x0000000100000000)
  eden space 66048K, 100% used [0x00000000eab00000,0x00000000eeb80000,0x00000000eeb80000)
  from space 12800K, 84% used [0x00000000ef880000,0x00000000f0312878,0x00000000f0500000)
  to   space 13312K, 0% used [0x00000000eeb80000,0x00000000eeb80000,0x00000000ef880000)
 ParOldGen       total 87552K, used 21174K [0x00000000c0000000, 0x00000000c5580000, 0x00000000eab00000)
  object space 87552K, 24% used [0x00000000c0000000,0x00000000c14adb40,0x00000000c5580000)
 Metaspace       used 6437K, capacity 7192K, committed 7424K, reserved 1056768K
  class space    used 621K, capacity 656K, committed 768K, reserved 1048576K
Event: 5.543 GC heap after
Heap after GC invocations=7 (full 0):
 PSYoungGen      total 79360K, used 13289K [0x00000000eab00000, 0x00000000f5000000, 0x0000000100000000)
  eden space 66048K, 0% used [0x00000000eab00000,0x00000000eab00000,0x00000000eeb80000)
  from space 13312K, 99% used [0x00000000eeb80000,0x00000000ef87a478,0x00000000ef880000)
  to   space 18432K, 0% used [0x00000000f3e00000,0x00000000f3e00000,0x00000000f5000000)
 ParOldGen       total 87552K, used 28818K [0x00000000c0000000, 0x00000000c5580000, 0x00000000eab00000)
  object space 87552K, 32% used [0x00000000c0000000,0x00000000c1c24b28,0x00000000c5580000)
 Metaspace       used 6437K, capacity 7192K, committed 7424K, reserved 1056768K
  class space    used 621K, capacity 656K, committed 768K, reserved 1048576K
}
Event: 5.812 GC heap before
{Heap before GC invocations=8 (full 0):
 PSYoungGen      total 79360K, used 79337K [0x00000000eab00000, 0x00000000f5000000, 0x0000000100000000)
  eden space 66048K, 100% used [0x00000000eab00000,0x00000000eeb80000,0x00000000eeb80000)
  from space 13312K, 99% used [0x00000000eeb80000,0x00000000ef87a478,0x00000000ef880000)
  to   space 18432K, 0% used [0x00000000f3e00000,0x00000000f3e00000,0x00000000f5000000)
 ParOldGen       total 87552K, used 28818K [0x00000000c0000000, 0x00000000c5580000, 0x00000000eab00000)
  object space 87552K, 32% used [0x00000000c0000000,0x00000000c1c24b28,0x00000000c5580000)
 Metaspace       used 6463K, capacity 7192K, committed 7424K, reserved 1056768K
  class space    used 621K, capacity 656K, committed 768K, reserved 1048576K
Event: 5.871 GC heap after
Heap after GC invocations=8 (full 0):
 PSYoungGen      total 145920K, used 18403K [0x00000000eab00000, 0x00000000f5900000, 0x0000000100000000)
  eden space 127488K, 0% used [0x00000000eab00000,0x00000000eab00000,0x00000000f2780000)
  from space 18432K, 99% used [0x00000000f3e00000,0x00000000f4ff8fc0,0x00000000f5000000)
  to   space 23040K, 0% used [0x00000000f2780000,0x00000000f2780000,0x00000000f3e00000)
 ParOldGen       total 87552K, used 33800K [0x00000000c0000000, 0x00000000c5580000, 0x00000000eab00000)
  object space 87552K, 38% used [0x00000000c0000000,0x00000000c2102048,0x00000000c5580000)
 Metaspace       used 6463K, capacity 7192K, committed 7424K, reserved 1056768K
  class space    used 621K, capacity 656K, committed 768K, reserved 1048576K
}
Event: 6.385 GC heap before
{Heap before GC invocations=9 (full 0):
 PSYoungGen      total 145920K, used 145891K [0x00000000eab00000, 0x00000000f5900000, 0x0000000100000000)
  eden space 127488K, 100% used [0x00000000eab00000,0x00000000f2780000,0x00000000f2780000)
  from space 18432K, 99% used [0x00000000f3e00000,0x00000000f4ff8fc0,0x00000000f5000000)
  to   space 23040K, 0% used [0x00000000f2780000,0x00000000f2780000,0x00000000f3e00000)
 ParOldGen       total 87552K, used 33800K [0x00000000c0000000, 0x00000000c5580000, 0x00000000eab00000)
  object space 87552K, 38% used [0x00000000c0000000,0x00000000c2102048,0x00000000c5580000)
 Metaspace       used 6491K, capacity 7192K, committed 7424K, reserved 1056768K
  class space    used 621K, capacity 656K, committed 768K, reserved 1048576K
Event: 6.450 GC heap after
Heap after GC invocations=9 (full 0):
 PSYoungGen      total 150528K, used 23016K [0x00000000eab00000, 0x00000000fb180000, 0x0000000100000000)
  eden space 127488K, 0% used [0x00000000eab00000,0x00000000eab00000,0x00000000f2780000)
  from space 23040K, 99% used [0x00000000f2780000,0x00000000f3dfa158,0x00000000f3e00000)
  to   space 32256K, 0% used [0x00000000f9200000,0x00000000f9200000,0x00000000fb180000)
 ParOldGen       total 87552K, used 49566K [0x00000000c0000000, 0x00000000c5580000, 0x00000000eab00000)
  object space 87552K, 56% used [0x00000000c0000000,0x00000000c3067948,0x00000000c5580000)
 Metaspace       used 6491K, capacity 7192K, committed 7424K, reserved 1056768K
  class space    used 621K, capacity 656K, committed 768K, reserved 1048576K
}

