# JRE version: Java(TM) SE Runtime Environment (8.0_102-b14) (build 1.8.0_102-b14)
# Java VM: Java HotSpot(TM) 64-Bit Server VM (25.102-b14 mixed mode windows-amd64 compressed oops)
Heap:
 PSYoungGen      total 152576K, used 131092K [0x00000000eab00000, 0x00000000f9680000, 0x0000000100000000)
  eden space 76288K, 100% used [0x00000000eab00000,0x00000000ef580000,0x00000000ef580000)
  from space 76288K, 71% used [0x00000000f4380000,0x00000000f79052f8,0x00000000f8e00000)
  to   space 79872K, 99% used [0x00000000ef580000,0x00000000f437ad90,0x00000000f4380000)
 ParOldGen       total 316416K, used 169751K [0x00000000c0000000, 0x00000000d3500000, 0x00000000eab00000)
  object space 316416K, 53% used [0x00000000c0000000,0x00000000ca5c9fd8,0x00000000d3500000)
 Metaspace       used 6485K, capacity 7192K, committed 7424K, reserved 1056768K
  class space    used 624K, capacity 656K, committed 768K, reserved 1048576K
GC Heap History (10 events):
Event: 22.933 GC heap before
{Heap before GC invocations=8 (full 2):
 PSYoungGen      total 58368K, used 5120K [0x00000000eab00000, 0x0000000100000000, 0x0000000100000000)
  eden space 53248K, 0% used [0x00000000eab00000,0x00000000eab00000,0x00000000edf00000)
  from space 5120K, 100% used [0x00000000f3200000,0x00000000f3700000,0x00000000f3700000)
  to   space 84992K, 0% used [0x00000000edf00000,0x00000000edf00000,0x00000000f3200000)
 ParOldGen       total 218624K, used 167072K [0x00000000c0000000, 0x00000000cd580000, 0x00000000eab00000)
  object space 218624K, 76% used [0x00000000c0000000,0x00000000ca3280b8,0x00000000cd580000)
 Metaspace       used 6404K, capacity 7128K, committed 7424K, reserved 1056768K
  class space    used 624K, capacity 656K, committed 768K, reserved 1048576K
Event: 23.312 GC heap after
Heap after GC invocations=8 (full 2):
 PSYoungGen      total 58368K, used 0K [0x00000000eab00000, 0x0000000100000000, 0x0000000100000000)
  eden space 53248K, 0% used [0x00000000eab00000,0x00000000eab00000,0x00000000edf00000)
  from space 5120K, 0% used [0x00000000f3200000,0x00000000f3200000,0x00000000f3700000)
  to   space 84992K, 0% used [0x00000000edf00000,0x00000000edf00000,0x00000000f3200000)
 ParOldGen       total 316416K, used 167079K [0x00000000c0000000, 0x00000000d3500000, 0x00000000eab00000)
  object space 316416K, 52% used [0x00000000c0000000,0x00000000ca329eb8,0x00000000d3500000)
 Metaspace       used 6404K, capacity 7128K, committed 7424K, reserved 1056768K
  class space    used 624K, capacity 656K, committed 768K, reserved 1048576K
}
Event: 23.369 GC heap before
{Heap before GC invocations=9 (full 2):
 PSYoungGen      total 58368K, used 53248K [0x00000000eab00000, 0x0000000100000000, 0x0000000100000000)
  eden space 53248K, 100% used [0x00000000eab00000,0x00000000edf00000,0x00000000edf00000)
  from space 5120K, 0% used [0x00000000f3200000,0x00000000f3200000,0x00000000f3700000)
  to   space 84992K, 0% used [0x00000000edf00000,0x00000000edf00000,0x00000000f3200000)
 ParOldGen       total 316416K, used 167079K [0x00000000c0000000, 0x00000000d3500000, 0x00000000eab00000)
  object space 316416K, 52% used [0x00000000c0000000,0x00000000ca329eb8,0x00000000d3500000)
 Metaspace       used 6406K, capacity 7128K, committed 7424K, reserved 1056768K
  class space    used 624K, capacity 656K, committed 768K, reserved 1048576K
Event: 23.391 GC heap after
Heap after GC invocations=9 (full 2):
 PSYoungGen      total 138240K, used 20587K [0x00000000eab00000, 0x00000000f8900000, 0x0000000100000000)
  eden space 53248K, 0% used [0x00000000eab00000,0x00000000eab00000,0x00000000edf00000)
  from space 84992K, 24% used [0x00000000edf00000,0x00000000ef31ac00,0x00000000f3200000)
  to   space 80896K, 0% used [0x00000000f3a00000,0x00000000f3a00000,0x00000000f8900000)
 ParOldGen       total 316416K, used 167079K [0x00000000c0000000, 0x00000000d3500000, 0x00000000eab00000)
  object space 316416K, 52% used [0x00000000c0000000,0x00000000ca329eb8,0x00000000d3500000)
 Metaspace       used 6406K, capacity 7128K, committed 7424K, reserved 1056768K
  class space    used 624K, capacity 656K, committed 768K, reserved 1048576K
}
Event: 23.666 GC heap before
{Heap before GC invocations=10 (full 2):
 PSYoungGen      total 138240K, used 73835K [0x00000000eab00000, 0x00000000f8900000, 0x0000000100000000)
  eden space 53248K, 100% used [0x00000000eab00000,0x00000000edf00000,0x00000000edf00000)
  from space 84992K, 24% used [0x00000000edf00000,0x00000000ef31ac00,0x00000000f3200000)
  to   space 80896K, 0% used [0x00000000f3a00000,0x00000000f3a00000,0x00000000f8900000)
 ParOldGen       total 316416K, used 167079K [0x00000000c0000000, 0x00000000d3500000, 0x00000000eab00000)
  object space 316416K, 52% used [0x00000000c0000000,0x00000000ca329eb8,0x00000000d3500000)
 Metaspace       used 6425K, capacity 7192K, committed 7424K, reserved 1056768K
  class space    used 624K, capacity 656K, committed 768K, reserved 1048576K
Event: 23.723 GC heap after
Heap after GC invocations=10 (full 2):
 PSYoungGen      total 138240K, used 30202K [0x00000000eab00000, 0x00000000f7f80000, 0x0000000100000000)
  eden space 67072K, 0% used [0x00000000eab00000,0x00000000eab00000,0x00000000eec80000)
  from space 71168K, 42% used [0x00000000f3a00000,0x00000000f577eb20,0x00000000f7f80000)
  to   space 75264K, 0% used [0x00000000eec80000,0x00000000eec80000,0x00000000f3600000)
 ParOldGen       total 316416K, used 167087K [0x00000000c0000000, 0x00000000d3500000, 0x00000000eab00000)
  object space 316416K, 52% used [0x00000000c0000000,0x00000000ca32beb8,0x00000000d3500000)
 Metaspace       used 6425K, capacity 7192K, committed 7424K, reserved 1056768K
  class space    used 624K, capacity 656K, committed 768K, reserved 1048576K
}
Event: 23.920 GC heap before
{Heap before GC invocations=11 (full 2):
 PSYoungGen      total 138240K, used 97274K [0x00000000eab00000, 0x00000000f7f80000, 0x0000000100000000)
  eden space 67072K, 100% used [0x00000000eab00000,0x00000000eec80000,0x00000000eec80000)
  from space 71168K, 42% used [0x00000000f3a00000,0x00000000f577eb20,0x00000000f7f80000)
  to   space 75264K, 0% used [0x00000000eec80000,0x00000000eec80000,0x00000000f3600000)
 ParOldGen       total 316416K, used 167087K [0x00000000c0000000, 0x00000000d3500000, 0x00000000eab00000)
  object space 316416K, 52% used [0x00000000c0000000,0x00000000ca32beb8,0x00000000d3500000)
 Metaspace       used 6440K, capacity 7192K, committed 7424K, reserved 1056768K
  class space    used 624K, capacity 656K, committed 768K, reserved 1048576K
Event: 23.979 GC heap after
Heap after GC invocations=11 (full 2):
 PSYoungGen      total 142336K, used 45860K [0x00000000eab00000, 0x00000000f8e00000, 0x0000000100000000)
  eden space 67072K, 0% used [0x00000000eab00000,0x00000000eab00000,0x00000000eec80000)
  from space 75264K, 60% used [0x00000000eec80000,0x00000000f19491b0,0x00000000f3600000)
  to   space 76288K, 0% used [0x00000000f4380000,0x00000000f4380000,0x00000000f8e00000)
 ParOldGen       total 316416K, used 167095K [0x00000000c0000000, 0x00000000d3500000, 0x00000000eab00000)
  object space 316416K, 52% used [0x00000000c0000000,0x00000000ca32deb8,0x00000000d3500000)
 Metaspace       used 6440K, capacity 7192K, committed 7424K, reserved 1056768K
  class space    used 624K, capacity 656K, committed 768K, reserved 1048576K
}
Event: 24.200 GC heap before
{Heap before GC invocations=12 (full 2):
 PSYoungGen      total 142336K, used 112932K [0x00000000eab00000, 0x00000000f8e00000, 0x0000000100000000)
  eden space 67072K, 100% used [0x00000000eab00000,0x00000000eec80000,0x00000000eec80000)
  from space 75264K, 60% used [0x00000000eec80000,0x00000000f19491b0,0x00000000f3600000)
  to   space 76288K, 0% used [0x00000000f4380000,0x00000000f4380000,0x00000000f8e00000)
 ParOldGen       total 316416K, used 167095K [0x00000000c0000000, 0x00000000d3500000, 0x00000000eab00000)
  object space 316416K, 52% used [0x00000000c0000000,0x00000000ca32deb8,0x00000000d3500000)
 Metaspace       used 6447K, capacity 7192K, committed 7424K, reserved 1056768K
  class space    used 624K, capacity 656K, committed 768K, reserved 1048576K
Event: 24.282 GC heap after
Heap after GC invocations=12 (full 2):
 PSYoungGen      total 152576K, used 54804K [0x00000000eab00000, 0x00000000f9680000, 0x0000000100000000)
  eden space 76288K, 0% used [0x00000000eab00000,0x00000000eab00000,0x00000000ef580000)
  from space 76288K, 71% used [0x00000000f4380000,0x00000000f79052f8,0x00000000f8e00000)
  to   space 79872K, 0% used [0x00000000ef580000,0x00000000ef580000,0x00000000f4380000)
 ParOldGen       total 316416K, used 167103K [0x00000000c0000000, 0x00000000d3500000, 0x00000000eab00000)
  object space 316416K, 52% used [0x00000000c0000000,0x00000000ca32feb8,0x00000000d3500000)
 Metaspace       used 6447K, capacity 7192K, committed 7424K, reserved 1056768K
  class space    used 624K, capacity 656K, committed 768K, reserved 1048576K
}

