# JRE version: Java(TM) SE Runtime Environment (8.0_102-b14) (build 1.8.0_102-b14)
# Java VM: Java HotSpot(TM) 64-Bit Server VM (25.102-b14 mixed mode windows-amd64 compressed oops)
Heap:
 PSYoungGen      total 232960K, used 84302K [0x00000000eab00000, 0x0000000100000000, 0x0000000100000000)
  eden space 116736K, 32% used [0x00000000eab00000,0x00000000ed08d388,0x00000000f1d00000)
  from space 116224K, 39% used [0x00000000f8e80000,0x00000000fbb46818,0x0000000100000000)
  to   space 116224K, 0% used [0x00000000f1d00000,0x00000000f1d00000,0x00000000f8e80000)
 ParOldGen       total 320000K, used 244891K [0x00000000c0000000, 0x00000000d3880000, 0x00000000eab00000)
  object space 320000K, 76% used [0x00000000c0000000,0x00000000cef26f68,0x00000000d3880000)
 Metaspace       used 6519K, capacity 7256K, committed 7424K, reserved 1056768K
  class space    used 624K, capacity 656K, committed 768K, reserved 1048576K
GC Heap History (10 events):
Event: 25.117 GC heap before
{Heap before GC invocations=13 (full 2):
 PSYoungGen      total 224256K, used 224230K [0x00000000eab00000, 0x0000000100000000, 0x0000000100000000)
  eden space 116736K, 100% used [0x00000000eab00000,0x00000000f1d00000,0x00000000f1d00000)
  from space 107520K, 99% used [0x00000000f9700000,0x00000000ffff9a38,0x0000000100000000)
  to   space 116224K, 0% used [0x00000000f1d00000,0x00000000f1d00000,0x00000000f8e80000)
 ParOldGen       total 263680K, used 186594K [0x00000000c0000000, 0x00000000d0180000, 0x00000000eab00000)
  object space 263680K, 70% used [0x00000000c0000000,0x00000000cb638898,0x00000000d0180000)
 Metaspace       used 6506K, capacity 7192K, committed 7424K, reserved 1056768K
  class space    used 624K, capacity 656K, committed 768K, reserved 1048576K
Event: 25.292 GC heap after
Heap after GC invocations=13 (full 2):
 PSYoungGen      total 232960K, used 116201K [0x00000000eab00000, 0x0000000100000000, 0x0000000100000000)
  eden space 116736K, 0% used [0x00000000eab00000,0x00000000eab00000,0x00000000f1d00000)
  from space 116224K, 99% used [0x00000000f1d00000,0x00000000f8e7a5b0,0x00000000f8e80000)
  to   space 116224K, 0% used [0x00000000f8e80000,0x00000000f8e80000,0x0000000100000000)
 ParOldGen       total 263680K, used 243473K [0x00000000c0000000, 0x00000000d0180000, 0x00000000eab00000)
  object space 263680K, 92% used [0x00000000c0000000,0x00000000cedc44a0,0x00000000d0180000)
 Metaspace       used 6506K, capacity 7192K, committed 7424K, reserved 1056768K
  class space    used 624K, capacity 656K, committed 768K, reserved 1048576K
}
Event: 25.292 GC heap before
{Heap before GC invocations=14 (full 3):
 PSYoungGen      total 232960K, used 116201K [0x00000000eab00000, 0x0000000100000000, 0x0000000100000000)
  eden space 116736K, 0% used [0x00000000eab00000,0x00000000eab00000,0x00000000f1d00000)
  from space 116224K, 99% used [0x00000000f1d00000,0x00000000f8e7a5b0,0x00000000f8e80000)
  to   space 116224K, 0% used [0x00000000f8e80000,0x00000000f8e80000,0x0000000100000000)
 ParOldGen       total 263680K, used 243473K [0x00000000c0000000, 0x00000000d0180000, 0x00000000eab00000)
  object space 263680K, 92% used [0x00000000c0000000,0x00000000cedc44a0,0x00000000d0180000)
 Metaspace       used 6506K, capacity 7192K, committed 7424K, reserved 1056768K
  class space    used 624K, capacity 656K, committed 768K, reserved 1048576K
Event: 25.898 GC heap after
Heap after GC invocations=14 (full 3):
 PSYoungGen      total 232960K, used 0K [0x00000000eab00000, 0x0000000100000000, 0x0000000100000000)
  eden space 116736K, 0% used [0x00000000eab00000,0x00000000eab00000,0x00000000f1d00000)
  from space 116224K, 0% used [0x00000000f1d00000,0x00000000f1d00000,0x00000000f8e80000)
  to   space 116224K, 0% used [0x00000000f8e80000,0x00000000f8e80000,0x0000000100000000)
 ParOldGen       total 320000K, used 190198K [0x00000000c0000000, 0x00000000d3880000, 0x00000000eab00000)
  object space 320000K, 59% used [0x00000000c0000000,0x00000000cb9bd8e8,0x00000000d3880000)
 Metaspace       used 6506K, capacity 7192K, committed 7424K, reserved 1056768K
  class space    used 624K, capacity 656K, committed 768K, reserved 1048576K
}
Event: 26.135 GC heap before
{Heap before GC invocations=15 (full 3):
 PSYoungGen      total 232960K, used 116736K [0x00000000eab00000, 0x0000000100000000, 0x0000000100000000)
  eden space 116736K, 100% used [0x00000000eab00000,0x00000000f1d00000,0x00000000f1d00000)
  from space 116224K, 0% used [0x00000000f1d00000,0x00000000f1d00000,0x00000000f8e80000)
  to   space 116224K, 0% used [0x00000000f8e80000,0x00000000f8e80000,0x0000000100000000)
 ParOldGen       total 320000K, used 190198K [0x00000000c0000000, 0x00000000d3880000, 0x00000000eab00000)
  object space 320000K, 59% used [0x00000000c0000000,0x00000000cb9bd8e8,0x00000000d3880000)
 Metaspace       used 6510K, capacity 7192K, committed 7424K, reserved 1056768K
  class space    used 624K, capacity 656K, committed 768K, reserved 1048576K
Event: 26.183 GC heap after
Heap after GC invocations=15 (full 3):
 PSYoungGen      total 232960K, used 41448K [0x00000000eab00000, 0x0000000100000000, 0x0000000100000000)
  eden space 116736K, 0% used [0x00000000eab00000,0x00000000eab00000,0x00000000f1d00000)
  from space 116224K, 35% used [0x00000000f8e80000,0x00000000fb6fa378,0x0000000100000000)
  to   space 116224K, 0% used [0x00000000f1d00000,0x00000000f1d00000,0x00000000f8e80000)
 ParOldGen       total 320000K, used 190198K [0x00000000c0000000, 0x00000000d3880000, 0x00000000eab00000)
  object space 320000K, 59% used [0x00000000c0000000,0x00000000cb9bd8e8,0x00000000d3880000)
 Metaspace       used 6510K, capacity 7192K, committed 7424K, reserved 1056768K
  class space    used 624K, capacity 656K, committed 768K, reserved 1048576K
}
Event: 27.097 GC heap before
{Heap before GC invocations=16 (full 3):
 PSYoungGen      total 232960K, used 158184K [0x00000000eab00000, 0x0000000100000000, 0x0000000100000000)
  eden space 116736K, 100% used [0x00000000eab00000,0x00000000f1d00000,0x00000000f1d00000)
  from space 116224K, 35% used [0x00000000f8e80000,0x00000000fb6fa378,0x0000000100000000)
  to   space 116224K, 0% used [0x00000000f1d00000,0x00000000f1d00000,0x00000000f8e80000)
 ParOldGen       total 320000K, used 190198K [0x00000000c0000000, 0x00000000d3880000, 0x00000000eab00000)
  object space 320000K, 59% used [0x00000000c0000000,0x00000000cb9bd8e8,0x00000000d3880000)
 Metaspace       used 6511K, capacity 7192K, committed 7424K, reserved 1056768K
  class space    used 624K, capacity 656K, committed 768K, reserved 1048576K
Event: 27.162 GC heap after
Heap after GC invocations=16 (full 3):
 PSYoungGen      total 232960K, used 17472K [0x00000000eab00000, 0x0000000100000000, 0x0000000100000000)
  eden space 116736K, 0% used [0x00000000eab00000,0x00000000eab00000,0x00000000f1d00000)
  from space 116224K, 15% used [0x00000000f1d00000,0x00000000f2e10020,0x00000000f8e80000)
  to   space 116224K, 0% used [0x00000000f8e80000,0x00000000f8e80000,0x0000000100000000)
 ParOldGen       total 320000K, used 232195K [0x00000000c0000000, 0x00000000d3880000, 0x00000000eab00000)
  object space 320000K, 72% used [0x00000000c0000000,0x00000000ce2c0fb8,0x00000000d3880000)
 Metaspace       used 6511K, capacity 7192K, committed 7424K, reserved 1056768K
  class space    used 624K, capacity 656K, committed 768K, reserved 1048576K
}
Event: 27.868 GC heap before
{Heap before GC invocations=17 (full 3):
 PSYoungGen      total 232960K, used 134208K [0x00000000eab00000, 0x0000000100000000, 0x0000000100000000)
  eden space 116736K, 100% used [0x00000000eab00000,0x00000000f1d00000,0x00000000f1d00000)
  from space 116224K, 15% used [0x00000000f1d00000,0x00000000f2e10020,0x00000000f8e80000)
  to   space 116224K, 0% used [0x00000000f8e80000,0x00000000f8e80000,0x0000000100000000)
 ParOldGen       total 320000K, used 232195K [0x00000000c0000000, 0x00000000d3880000, 0x00000000eab00000)
  object space 320000K, 72% used [0x00000000c0000000,0x00000000ce2c0fb8,0x00000000d3880000)
 Metaspace       used 6519K, capacity 7256K, committed 7424K, reserved 1056768K
  class space    used 624K, capacity 656K, committed 768K, reserved 1048576K
Event: 27.995 GC heap after
Heap after GC invocations=17 (full 3):
 PSYoungGen      total 232960K, used 45850K [0x00000000eab00000, 0x0000000100000000, 0x0000000100000000)
  eden space 116736K, 0% used [0x00000000eab00000,0x00000000eab00000,0x00000000f1d00000)
  from space 116224K, 39% used [0x00000000f8e80000,0x00000000fbb46818,0x0000000100000000)
  to   space 116224K, 0% used [0x00000000f1d00000,0x00000000f1d00000,0x00000000f8e80000)
 ParOldGen       total 320000K, used 244891K [0x00000000c0000000, 0x00000000d3880000, 0x00000000eab00000)
  object space 320000K, 76% used [0x00000000c0000000,0x00000000cef26f68,0x00000000d3880000)
 Metaspace       used 6519K, capacity 7256K, committed 7424K, reserved 1056768K
  class space    used 624K, capacity 656K, committed 768K, reserved 1048576K
}

